{"level":"info","message":"Listening on port 3000...","timestamp":"2022-02-27T13:00:34.024Z"}
{"level":"info","message":"Connected to mongodb://localhost/vidly...","timestamp":"2022-02-27T13:00:34.042Z"}
{"level":"info","message":"Listening on port 3000...","timestamp":"2022-02-27T15:20:52.252Z"}
{"level":"info","message":"Connected to mongodb://localhost/vidly...","timestamp":"2022-02-27T15:20:52.280Z"}
{"level":"info","message":"Listening on port 3000...","timestamp":"2022-04-01T09:35:44.059Z"}
{"level":"info","message":"Connected to mongodb://localhost/vidly...","timestamp":"2022-04-01T09:35:44.143Z"}
{"level":"info","message":"Listening on port 3000...","timestamp":"2022-04-04T06:05:23.701Z"}
{"level":"info","message":"Connected to mongodb://localhost/vidly...","timestamp":"2022-04-04T06:05:23.736Z"}
{"level":"info","message":"Listening on port 3000...","timestamp":"2022-04-04T06:17:31.990Z"}
{"level":"info","message":"Connected to mongodb://localhost/vidly...","timestamp":"2022-04-04T06:17:32.008Z"}
{"level":"info","message":"Listening on port 3000...","timestamp":"2022-04-04T08:41:26.998Z"}
{"level":"info","message":"Connected to mongodb://localhost/vidly...","timestamp":"2022-04-04T08:41:27.016Z"}
{"level":"info","message":"Listening on port 3000...","timestamp":"2022-04-04T08:57:34.851Z"}
{"level":"info","message":"Connected to mongodb://localhost/vidly...","timestamp":"2022-04-04T08:57:34.899Z"}
{"level":"info","message":"Listening on port 3000...","timestamp":"2022-04-04T09:19:36.581Z"}
{"level":"info","message":"Connected to mongodb://localhost/vidly...","timestamp":"2022-04-04T09:19:36.600Z"}
{"level":"info","message":"Listening on port 3000...","timestamp":"2022-04-06T10:40:50.455Z"}
{"level":"info","message":"Listening on port 3000...","timestamp":"2022-04-06T10:43:18.054Z"}
{"level":"info","message":"Connected to mongodb://localhost/vidly...","timestamp":"2022-04-06T10:43:18.072Z"}
{"level":"info","message":"Listening on port 3000...","timestamp":"2022-04-06T10:48:42.733Z"}
{"level":"info","message":"Connected to mongodb://localhost/vidly...","timestamp":"2022-04-06T10:48:42.751Z"}
{"level":"info","message":"Listening on port 3000...","timestamp":"2022-04-06T16:38:28.511Z"}
{"level":"info","message":"Connected to mongodb://localhost/vidly...","timestamp":"2022-04-06T16:38:28.537Z"}
{"level":"info","message":"Listening on port 3000...","timestamp":"2022-04-06T17:00:13.212Z"}
{"level":"info","message":"Connected to mongodb://localhost/vidly...","timestamp":"2022-04-06T17:00:13.252Z"}
{"message":"Cast to ObjectId failed for value \"624dc6f4891aa341806569873\" (type string) at path \"_id\" for model \"Movies\"","stack":"CastError: Cast to ObjectId failed for value \"624dc6f4891aa341806569873\" (type string) at path \"_id\" for model \"Movies\"\n    at model.Query.exec (D:\\Demo\\vidly-api-node\\node_modules\\mongoose\\lib\\query.js:4498:21)\n    at model.Query.Query.then (D:\\Demo\\vidly-api-node\\node_modules\\mongoose\\lib\\query.js:4592:15)\n    at processTicksAndRejections (node:internal/process/task_queues:96:5)","stringValue":"\"624dc6f4891aa341806569873\"","kind":"ObjectId","value":"624dc6f4891aa341806569873","path":"_id","reason":{},"valueType":"string","level":"error","timestamp":"2022-04-06T17:18:03.184Z"}
{"message":"Cast to ObjectId failed for value \"624dc6f4891aa3418065698732\" (type string) at path \"_id\" for model \"Movies\"","stack":"CastError: Cast to ObjectId failed for value \"624dc6f4891aa3418065698732\" (type string) at path \"_id\" for model \"Movies\"\n    at model.Query.exec (D:\\Demo\\vidly-api-node\\node_modules\\mongoose\\lib\\query.js:4498:21)\n    at model.Query.Query.then (D:\\Demo\\vidly-api-node\\node_modules\\mongoose\\lib\\query.js:4592:15)\n    at processTicksAndRejections (node:internal/process/task_queues:96:5)","stringValue":"\"624dc6f4891aa3418065698732\"","kind":"ObjectId","value":"624dc6f4891aa3418065698732","path":"_id","reason":{},"valueType":"string","level":"error","timestamp":"2022-04-06T17:18:09.383Z"}
{"message":"Cast to ObjectId failed for value \"624dc6f4891aa341806569873\" (type string) at path \"_id\" for model \"Movies\"","stack":"CastError: Cast to ObjectId failed for value \"624dc6f4891aa341806569873\" (type string) at path \"_id\" for model \"Movies\"\n    at model.Query.exec (D:\\Demo\\vidly-api-node\\node_modules\\mongoose\\lib\\query.js:4498:21)\n    at model.Query.Query.then (D:\\Demo\\vidly-api-node\\node_modules\\mongoose\\lib\\query.js:4592:15)\n    at processTicksAndRejections (node:internal/process/task_queues:96:5)","stringValue":"\"624dc6f4891aa341806569873\"","kind":"ObjectId","value":"624dc6f4891aa341806569873","path":"_id","reason":{},"valueType":"string","level":"error","timestamp":"2022-04-06T17:18:25.766Z"}
{"message":"Cast to ObjectId failed for value \"624dc6f4891aa3418065sefd\" (type string) at path \"_id\" for model \"Movies\"","stack":"CastError: Cast to ObjectId failed for value \"624dc6f4891aa3418065sefd\" (type string) at path \"_id\" for model \"Movies\"\n    at model.Query.exec (D:\\Demo\\vidly-api-node\\node_modules\\mongoose\\lib\\query.js:4498:21)\n    at model.Query.Query.then (D:\\Demo\\vidly-api-node\\node_modules\\mongoose\\lib\\query.js:4592:15)\n    at processTicksAndRejections (node:internal/process/task_queues:96:5)","stringValue":"\"624dc6f4891aa3418065sefd\"","kind":"ObjectId","value":"624dc6f4891aa3418065sefd","path":"_id","reason":{},"valueType":"string","level":"error","timestamp":"2022-04-06T17:27:14.746Z"}
{"message":"Cast to ObjectId failed for value \"624dc6f4891aa3418065sefd\" (type string) at path \"_id\" for model \"Movies\"","stack":"CastError: Cast to ObjectId failed for value \"624dc6f4891aa3418065sefd\" (type string) at path \"_id\" for model \"Movies\"\n    at model.Query.exec (D:\\Demo\\vidly-api-node\\node_modules\\mongoose\\lib\\query.js:4498:21)\n    at model.Query.Query.then (D:\\Demo\\vidly-api-node\\node_modules\\mongoose\\lib\\query.js:4592:15)\n    at processTicksAndRejections (node:internal/process/task_queues:96:5)","stringValue":"\"624dc6f4891aa3418065sefd\"","kind":"ObjectId","value":"624dc6f4891aa3418065sefd","path":"_id","reason":{},"valueType":"string","level":"error","timestamp":"2022-04-06T17:29:05.943Z"}
{"message":"Cast to ObjectId failed for value \"624dc6f4891aa3418065sefd\" (type string) at path \"_id\" for model \"Movies\"","stack":"CastError: Cast to ObjectId failed for value \"624dc6f4891aa3418065sefd\" (type string) at path \"_id\" for model \"Movies\"\n    at model.Query.exec (D:\\Demo\\vidly-api-node\\node_modules\\mongoose\\lib\\query.js:4498:21)\n    at model.Query.Query.then (D:\\Demo\\vidly-api-node\\node_modules\\mongoose\\lib\\query.js:4592:15)\n    at processTicksAndRejections (node:internal/process/task_queues:96:5)","stringValue":"\"624dc6f4891aa3418065sefd\"","kind":"ObjectId","value":"624dc6f4891aa3418065sefd","path":"_id","reason":{},"valueType":"string","level":"error","timestamp":"2022-04-06T17:30:44.950Z"}
{"message":"Cast to ObjectId failed for value \"624dc6f4891aa3418065sefd\" (type string) at path \"_id\" for model \"Movies\"","stack":"CastError: Cast to ObjectId failed for value \"624dc6f4891aa3418065sefd\" (type string) at path \"_id\" for model \"Movies\"\n    at model.Query.exec (D:\\Demo\\vidly-api-node\\node_modules\\mongoose\\lib\\query.js:4498:21)\n    at model.Query.Query.then (D:\\Demo\\vidly-api-node\\node_modules\\mongoose\\lib\\query.js:4592:15)\n    at processTicksAndRejections (node:internal/process/task_queues:96:5)","stringValue":"\"624dc6f4891aa3418065sefd\"","kind":"ObjectId","value":"624dc6f4891aa3418065sefd","path":"_id","reason":{},"valueType":"string","level":"error","timestamp":"2022-04-06T17:34:02.948Z"}
{"message":"Cast to ObjectId failed for value \"624dc6f4891aa3418065sefd\" (type string) at path \"_id\" for model \"Movies\"","stack":"CastError: Cast to ObjectId failed for value \"624dc6f4891aa3418065sefd\" (type string) at path \"_id\" for model \"Movies\"\n    at model.Query.exec (D:\\Demo\\vidly-api-node\\node_modules\\mongoose\\lib\\query.js:4498:21)\n    at model.Query.Query.then (D:\\Demo\\vidly-api-node\\node_modules\\mongoose\\lib\\query.js:4592:15)\n    at runMicrotasks (<anonymous>)\n    at processTicksAndRejections (node:internal/process/task_queues:96:5)","stringValue":"\"624dc6f4891aa3418065sefd\"","kind":"ObjectId","value":"624dc6f4891aa3418065sefd","path":"_id","reason":{},"valueType":"string","level":"error","timestamp":"2022-04-06T17:41:34.946Z"}
{"message":"Cast to ObjectId failed for value \"624dc6f4891aa3418065sefd\" (type string) at path \"_id\" for model \"Movies\"","stack":"CastError: Cast to ObjectId failed for value \"624dc6f4891aa3418065sefd\" (type string) at path \"_id\" for model \"Movies\"\n    at model.Query.exec (D:\\Demo\\vidly-api-node\\node_modules\\mongoose\\lib\\query.js:4498:21)\n    at model.Query.Query.then (D:\\Demo\\vidly-api-node\\node_modules\\mongoose\\lib\\query.js:4592:15)\n    at runMicrotasks (<anonymous>)\n    at processTicksAndRejections (node:internal/process/task_queues:96:5)","stringValue":"\"624dc6f4891aa3418065sefd\"","kind":"ObjectId","value":"624dc6f4891aa3418065sefd","path":"_id","reason":{},"valueType":"string","level":"error","timestamp":"2022-04-06T17:42:27.956Z"}
{"message":"Cast to ObjectId failed for value \"624dc6f4891aa3418065sefd\" (type string) at path \"_id\" for model \"Movies\"","stack":"CastError: Cast to ObjectId failed for value \"624dc6f4891aa3418065sefd\" (type string) at path \"_id\" for model \"Movies\"\n    at model.Query.exec (D:\\Demo\\vidly-api-node\\node_modules\\mongoose\\lib\\query.js:4498:21)\n    at model.Query.Query.then (D:\\Demo\\vidly-api-node\\node_modules\\mongoose\\lib\\query.js:4592:15)\n    at runMicrotasks (<anonymous>)\n    at processTicksAndRejections (node:internal/process/task_queues:96:5)","stringValue":"\"624dc6f4891aa3418065sefd\"","kind":"ObjectId","value":"624dc6f4891aa3418065sefd","path":"_id","reason":{},"valueType":"string","level":"error","timestamp":"2022-04-06T17:46:49.345Z"}
{"level":"info","message":"Listening on port 3000...","timestamp":"2022-04-08T06:22:56.246Z"}
{"level":"info","message":"Connected to mongodb://localhost/vidly...","timestamp":"2022-04-08T06:22:56.279Z"}
{"level":"info","message":"Listening on port 3000...","timestamp":"2022-04-08T15:54:58.187Z"}
{"level":"info","message":"Connected to mongodb://localhost/vidly...","timestamp":"2022-04-08T15:54:58.257Z"}
{"level":"info","message":"Listening on port 3000...","timestamp":"2022-04-11T12:44:42.093Z"}
{"level":"info","message":"Connected to mongodb://localhost/vidly...","timestamp":"2022-04-11T12:44:42.174Z"}
{"level":"info","message":"Listening on port 3000...","timestamp":"2022-04-13T04:26:54.042Z"}
{"level":"info","message":"Connected to mongodb://localhost/vidly...","timestamp":"2022-04-13T04:26:54.129Z"}
{"level":"info","message":"Listening on port 3000...","timestamp":"2022-04-13T05:25:21.676Z"}
{"level":"info","message":"Connected to mongodb://localhost/vidly...","timestamp":"2022-04-13T05:25:21.705Z"}
{"level":"info","message":"Listening on port 3000...","timestamp":"2022-04-17T11:15:09.602Z"}
{"level":"info","message":"Connected to mongodb://localhost/vidly...","timestamp":"2022-04-17T11:15:09.692Z"}
{"level":"info","message":"Listening on port 3000...","timestamp":"2022-04-23T06:20:37.190Z"}
{"level":"info","message":"Connected to mongodb://localhost/vidly...","timestamp":"2022-04-23T06:20:37.241Z"}
{"level":"info","message":"Listening on port 3000...","timestamp":"2022-04-23T06:49:19.313Z"}
{"level":"info","message":"Connected to mongodb://localhost/vidly...","timestamp":"2022-04-23T06:49:19.331Z"}
{"level":"info","message":"Listening on port 3000...","timestamp":"2022-06-08T10:08:07.721Z"}
{"level":"info","message":"Connected to mongodb://localhost/vidly...","timestamp":"2022-06-08T10:08:08.702Z"}
{"level":"info","message":"Listening on port 3000...","timestamp":"2022-06-08T10:10:55.408Z"}
{"level":"info","message":"Connected to mongodb://localhost/vidly...","timestamp":"2022-06-08T10:10:55.440Z"}
